<?xml version="1.0" encoding="UTF-8"?>
<!-- Generated by org.testng.reporters.JUnitReportReporter -->
<testsuite hostname="Vrishalis-MacBook-Air.local" failures="0" tests="5" name="com.restTests.simpleTests.TekarchAPIEndToEnd" time="9.430" errors="0" timestamp="2023-06-27T17:07:09 PDT" skipped="0">
  <testcase classname="com.restTests.simpleTests.TekarchAPIEndToEnd" name="loginToTekarchAPI" time="2.214"/>
  <system-out/>
  <testcase classname="com.restTests.simpleTests.TekarchAPIEndToEnd" name="createUser" time="0.868"/>
  <system-out/>
  <testcase classname="com.restTests.simpleTests.TekarchAPIEndToEnd" name="getUsers" time="5.775"/>
  <system-out/>
  <testcase classname="com.restTests.simpleTests.TekarchAPIEndToEnd" name="updateUser" time="0.328"/>
  <system-out/>
  <testcase classname="com.restTests.simpleTests.TekarchAPIEndToEnd" name="deleteUser" time="0.245"/>
  <system-out/>
</testsuite> <!-- com.restTests.simpleTests.TekarchAPIEndToEnd -->
