<?xml version="1.0" encoding="UTF-8"?>
<!-- Generated by org.testng.reporters.JUnitReportReporter -->
<testsuite hostname="Vrishalis-MacBook-Air.local" failures="0" tests="2" name="com.restTests.simpleTests.TekarchAPILogin" time="7.823" errors="0" timestamp="2023-06-26T15:44:32 PDT" skipped="0">
  <testcase classname="com.restTests.simpleTests.TekarchAPILogin" name="loginToTekarchAPI" time="2.604"/>
  <system-out/>
  <testcase classname="com.restTests.simpleTests.TekarchAPILogin" name="getUsers" time="5.219"/>
  <system-out/>
</testsuite> <!-- com.restTests.simpleTests.TekarchAPILogin -->
