<?xml version="1.0" encoding="UTF-8"?>
<!-- Generated by org.testng.reporters.JUnitReportReporter -->
<testsuite hostname="Vrishalis-MacBook-Air.local" failures="0" tests="1" name="com.restTests.simpleTests.TekarchAPIMethods" time="2.062" errors="0" timestamp="2023-06-26T18:23:37 PDT" skipped="0">
  <testcase classname="com.restTests.simpleTests.TekarchAPIMethods" name="loginToTekarchAPI" time="2.062"/>
  <system-out/>
</testsuite> <!-- com.restTests.simpleTests.TekarchAPIMethods -->
