<?xml version="1.0" encoding="UTF-8"?>
<!-- Generated by org.testng.reporters.JUnitReportReporter -->
<testsuite hostname="Vrishalis-MacBook-Air.local" failures="0" tests="5" name="com.restTests.simpleTests.TekarchAPIMethods" time="10.467" errors="0" timestamp="2023-06-26T17:38:54 PDT" skipped="0">
  <testcase classname="com.restTests.simpleTests.TekarchAPIMethods" name="loginToTekarchAPI" time="2.413"/>
  <system-out/>
  <testcase classname="com.restTests.simpleTests.TekarchAPIMethods" name="createUser" time="0.622"/>
  <system-out/>
  <testcase classname="com.restTests.simpleTests.TekarchAPIMethods" name="getUsers" time="6.564"/>
  <system-out/>
  <testcase classname="com.restTests.simpleTests.TekarchAPIMethods" name="updateUser" time="0.357"/>
  <system-out/>
  <testcase classname="com.restTests.simpleTests.TekarchAPIMethods" name="deleteUser" time="0.511"/>
  <system-out/>
</testsuite> <!-- com.restTests.simpleTests.TekarchAPIMethods -->
