<?xml version="1.0" encoding="UTF-8"?>
<!-- Generated by org.testng.reporters.JUnitReportReporter -->
<testsuite hostname="Vrishalis-MacBook-Air.local" failures="0" tests="5" name="com.restTests.simpleTests.TekarchAPIEndToEnd" time="18.845" errors="0" timestamp="2023-06-26T19:12:27 PDT" skipped="0">
  <testcase classname="com.restTests.simpleTests.TekarchAPIEndToEnd" name="deleteUser" time="0.356"/>
  <system-out/>
  <testcase classname="com.restTests.simpleTests.TekarchAPIEndToEnd" name="createUser" time="2.916"/>
  <system-out/>
  <testcase classname="com.restTests.simpleTests.TekarchAPIEndToEnd" name="loginToTekarchAPI" time="2.349"/>
  <system-out/>
  <testcase classname="com.restTests.simpleTests.TekarchAPIEndToEnd" name="updateUser" time="0.324"/>
  <system-out/>
  <testcase classname="com.restTests.simpleTests.TekarchAPIEndToEnd" name="getUsers" time="12.900"/>
  <system-out/>
</testsuite> <!-- com.restTests.simpleTests.TekarchAPIEndToEnd -->
