<?xml version="1.0" encoding="UTF-8"?>
<!-- Generated by org.testng.reporters.JUnitReportReporter -->
<testsuite hostname="Vrishalis-MacBook-Air.local" failures="0" tests="1" name="com.restTests.simpleTests.SimpleRestRequests" time="3.918" errors="0" timestamp="2023-06-26T14:37:46 PDT" skipped="0">
  <testcase classname="com.restTests.simpleTests.SimpleRestRequests" name="TestFakeRestAPI2" time="3.918"/>
  <system-out/>
</testsuite> <!-- com.restTests.simpleTests.SimpleRestRequests -->
